LockScreenIos/app/build/intermediates/manifest_merge_blame_file/release/manifest-merger-blame-release-report.txt
1<?xml version="1.0" encoding="utf-8"?>
2<manifest xmlns:android="http://schemas.android.com/apk/res/android"
3    package="com.os13lockscreen.ilockscreenos13"
4    android:versionCode="1"
5    android:versionName="1.0" >
6
7    <uses-sdk
8        android:minSdkVersion="19"
8-->src\main\AndroidManifest.xml
9        android:targetSdkVersion="29" />
9-->src\main\AndroidManifest.xml
10
11    <uses-feature
11-->src\main\AndroidManifest.xml:6:5-8:39
12        android:name="android.hardware.camera"
12-->src\main\AndroidManifest.xml:7:13-51
13        android:required="true" />
13-->src\main\AndroidManifest.xml:8:13-36
14
15    <uses-permission android:name="android.permission.WAKE_LOCK" />
15-->src\main\AndroidManifest.xml:10:5-68
15-->src\main\AndroidManifest.xml:10:22-65
16    <uses-permission android:name="android.permission.INTERNET" />
16-->src\main\AndroidManifest.xml:12:5-67
16-->src\main\AndroidManifest.xml:12:22-64
17    <uses-permission android:name="android.permission.ACCESS_NETWORK_STATE" />
17-->src\main\AndroidManifest.xml:13:5-79
17-->src\main\AndroidManifest.xml:13:22-76
18    <uses-permission android:name="android.permission.ACCESS_WIFI_STATE" />
18-->src\main\AndroidManifest.xml:14:5-76
18-->src\main\AndroidManifest.xml:14:22-73
19    <uses-permission android:name="android.permission.FOREGROUND_SERVICE" />
19-->src\main\AndroidManifest.xml:16:5-77
19-->src\main\AndroidManifest.xml:16:22-74
20    <uses-permission android:name="android.permission.ACCESS_COARSE_LOCATION" />
20-->src\main\AndroidManifest.xml:17:5-81
20-->src\main\AndroidManifest.xml:17:22-78
21    <uses-permission android:name="android.permission.READ_PHONE_STATE" />
21-->src\main\AndroidManifest.xml:18:5-75
21-->src\main\AndroidManifest.xml:18:22-72
22    <uses-permission android:name="android.permission.READ_EXTERNAL_STORAGE" />
22-->src\main\AndroidManifest.xml:19:5-80
22-->src\main\AndroidManifest.xml:19:22-77
23    <uses-permission android:name="android.permission.WRITE_EXTERNAL_STORAGE" />
23-->src\main\AndroidManifest.xml:20:5-81
23-->src\main\AndroidManifest.xml:20:22-78
24    <uses-permission android:name="android.permission.CALL_PHONE" />
24-->src\main\AndroidManifest.xml:21:5-69
24-->src\main\AndroidManifest.xml:21:22-66
25    <uses-permission android:name="android.permission.SYSTEM_ALERT_WINDOW" />
25-->src\main\AndroidManifest.xml:22:5-78
25-->src\main\AndroidManifest.xml:22:22-75
26    <uses-permission android:name="android.permission.CAMERA" />
26-->src\main\AndroidManifest.xml:23:5-65
26-->src\main\AndroidManifest.xml:23:22-62
27    <uses-permission android:name="android.permission.FLASHLIGHT" />
27-->src\main\AndroidManifest.xml:24:5-69
27-->src\main\AndroidManifest.xml:24:22-66
28    <uses-permission android:name="android.permission.RECEIVE_BOOT_COMPLETED" />
28-->src\main\AndroidManifest.xml:25:5-81
28-->src\main\AndroidManifest.xml:25:22-78
29
30    <uses-feature android:name="android.hardware.camera.flash" />
30-->src\main\AndroidManifest.xml:27:5-66
30-->src\main\AndroidManifest.xml:27:19-63
31
32    <application
32-->src\main\AndroidManifest.xml:29:5-157:19
33        android:name="com.os13lockscreen.ilockscreenos13.MyApplication"
33-->src\main\AndroidManifest.xml:30:13-76
34        android:allowBackup="true"
34-->src\main\AndroidManifest.xml:31:13-39
35        android:appComponentFactory="androidx.core.app.CoreComponentFactory"
35-->[androidx.core:core:1.0.2] AndroidManifest.xml:22:18-86
36        android:icon="@mipmap/ic_launcher"
36-->src\main\AndroidManifest.xml:32:13-47
37        android:label="@string/app_name"
37-->src\main\AndroidManifest.xml:33:13-45
38        android:roundIcon="@mipmap/ic_launcher_round"
38-->src\main\AndroidManifest.xml:34:13-58
39        android:showOnLockScreen="true"
39-->src\main\AndroidManifest.xml:35:13-44
40        android:supportsRtl="true"
40-->src\main\AndroidManifest.xml:36:13-39
41        android:theme="@style/AppTheme" >
41-->src\main\AndroidManifest.xml:37:13-44
42        <uses-library
42-->src\main\AndroidManifest.xml:41:9-43:43
43            android:name="org.apache.http.legacy"
43-->src\main\AndroidManifest.xml:42:17-54
44            android:required="false" />
44-->src\main\AndroidManifest.xml:43:17-41
45
46        <meta-data
46-->src\main\AndroidManifest.xml:45:9-47:50
47            android:name="metadata"
47-->src\main\AndroidManifest.xml:46:17-40
48            android:value="os13ilockscreen" />
48-->src\main\AndroidManifest.xml:47:17-48
49        <meta-data
49-->src\main\AndroidManifest.xml:48:9-50:42
50            android:name="com.google.android.gms.version"
50-->src\main\AndroidManifest.xml:49:17-62
51            android:value="8298000" />
51-->src\main\AndroidManifest.xml:50:17-40
52
53        <activity android:name="com.os13lockscreen.ilockscreenos13.screens.notification.NotificationActivity" />
53-->src\main\AndroidManifest.xml:52:9-113
53-->src\main\AndroidManifest.xml:52:19-110
54        <activity android:name="com.os13lockscreen.ilockscreenos13.screens.privacy.PrivacyActivity" />
54-->src\main\AndroidManifest.xml:53:9-103
54-->src\main\AndroidManifest.xml:53:19-100
55        <activity android:name="com.os13lockscreen.ilockscreenos13.screens.wallpaper.SetWallpaper" />
55-->src\main\AndroidManifest.xml:54:9-102
55-->src\main\AndroidManifest.xml:54:19-99
56        <activity android:name="com.os13lockscreen.ilockscreenos13.screens.wallpaper.Wallpaper" />
56-->src\main\AndroidManifest.xml:55:9-99
56-->src\main\AndroidManifest.xml:55:19-96
57        <activity android:name="com.os13lockscreen.ilockscreenos13.screens.password.ChangePassActivity" />
57-->src\main\AndroidManifest.xml:56:9-107
57-->src\main\AndroidManifest.xml:56:19-104
58        <activity android:name="com.os13lockscreen.ilockscreenos13.screens.password.PasswordAuthentic" />
58-->src\main\AndroidManifest.xml:57:9-106
58-->src\main\AndroidManifest.xml:57:19-103
59        <activity android:name="com.os13lockscreen.ilockscreenos13.screens.password.NewPassword" />
59-->src\main\AndroidManifest.xml:58:9-100
59-->src\main\AndroidManifest.xml:58:19-97
60        <activity android:name="com.os13lockscreen.ilockscreenos13.screens.password.PasswordActivity" /> <!-- <service -->
60-->src\main\AndroidManifest.xml:59:9-105
60-->src\main\AndroidManifest.xml:59:19-102
61        <!-- android:name=".service.MyService" -->
62        <!-- android:enabled="true" -->
63        <!-- android:exported="true"> -->
64        <!-- </service> -->
65        <service
65-->src\main\AndroidManifest.xml:64:9-74:19
66            android:name="com.os13lockscreen.ilockscreenos13.service.NotificationService"
66-->src\main\AndroidManifest.xml:65:17-94
67            android:enabled="true"
67-->src\main\AndroidManifest.xml:66:17-39
68            android:exported="true"
68-->src\main\AndroidManifest.xml:67:17-40
69            android:label="@string/app_name"
69-->src\main\AndroidManifest.xml:68:17-49
70            android:permission="android.permission.BIND_NOTIFICATION_LISTENER_SERVICE"
70-->src\main\AndroidManifest.xml:69:17-91
71            android:stopWithTask="false" >
71-->src\main\AndroidManifest.xml:70:17-45
72            <intent-filter>
72-->src\main\AndroidManifest.xml:71:13-73:29
73                <action android:name="android.service.notification.NotificationListenerService" />
73-->src\main\AndroidManifest.xml:72:17-99
73-->src\main\AndroidManifest.xml:72:25-96
74            </intent-filter>
75        </service>
76
77        <activity android:name="com.os13lockscreen.ilockscreenos13.screens.main.MainActivity" />
77-->src\main\AndroidManifest.xml:76:9-97
77-->src\main\AndroidManifest.xml:76:19-94
78        <activity android:name="com.os13lockscreen.ilockscreenos13.screens.splash.SplashActivity" >
78-->src\main\AndroidManifest.xml:77:9-83:20
78-->src\main\AndroidManifest.xml:77:19-98
79            <intent-filter>
79-->src\main\AndroidManifest.xml:78:13-82:29
80                <action android:name="android.intent.action.MAIN" />
80-->src\main\AndroidManifest.xml:79:17-69
80-->src\main\AndroidManifest.xml:79:25-66
81
82                <category android:name="android.intent.category.LAUNCHER" />
82-->src\main\AndroidManifest.xml:81:17-77
82-->src\main\AndroidManifest.xml:81:27-74
83            </intent-filter>
84        </activity>
85        <activity
85-->src\main\AndroidManifest.xml:84:9-86:78
86            android:name="com.theartofdev.edmodo.cropper.CropImageActivity"
86-->src\main\AndroidManifest.xml:85:17-80
87            android:theme="@style/Theme.AppCompat.Light.DarkActionBar" />
87-->src\main\AndroidManifest.xml:86:17-75
88
89        <receiver
89-->src\main\AndroidManifest.xml:88:9-97:20
90            android:name="com.os13lockscreen.ilockscreenos13.screens.main.BootUpReceiver"
90-->src\main\AndroidManifest.xml:89:17-94
91            android:enabled="true"
91-->src\main\AndroidManifest.xml:90:17-39
92            android:permission="android.permission.RECEIVE_BOOT_COMPLETED" >
92-->src\main\AndroidManifest.xml:91:17-79
93            <intent-filter>
93-->src\main\AndroidManifest.xml:92:13-96:29
94                <action android:name="android.intent.action.BOOT_COMPLETED" />
94-->src\main\AndroidManifest.xml:93:17-79
94-->src\main\AndroidManifest.xml:93:25-76
95
96                <category android:name="android.intent.category.DEFAULT" />
96-->src\main\AndroidManifest.xml:95:17-76
96-->src\main\AndroidManifest.xml:95:27-73
97            </intent-filter>
98        </receiver>
99
100        <activity
100-->src\main\AndroidManifest.xml:99:9-105:35
101            android:name="com.unity3d.services.ads.adunit.AdUnitActivity"
101-->src\main\AndroidManifest.xml:100:17-78
102            android:configChanges="keyboard|keyboardHidden|orientation|screenLayout|screenSize|smallestScreenSize|uiMode"
102-->src\main\AndroidManifest.xml:101:17-126
103            android:excludeFromRecents="true"
103-->src\main\AndroidManifest.xml:102:17-50
104            android:hardwareAccelerated="true"
104-->src\main\AndroidManifest.xml:103:17-51
105            android:icon="@drawable/ic_khong_mau"
105-->src\main\AndroidManifest.xml:104:17-54
106            android:label="" />
106-->src\main\AndroidManifest.xml:105:17-33
107        <activity
107-->src\main\AndroidManifest.xml:107:9-113:35
108            android:name="com.unity3d.services.ads.adunit.AdUnitSoftwareActivity"
108-->src\main\AndroidManifest.xml:108:17-86
109            android:configChanges="keyboard|keyboardHidden|orientation|screenLayout|screenSize|smallestScreenSize|uiMode"
109-->src\main\AndroidManifest.xml:109:17-126
110            android:excludeFromRecents="true"
110-->src\main\AndroidManifest.xml:110:17-50
111            android:hardwareAccelerated="true"
111-->src\main\AndroidManifest.xml:111:17-51
112            android:icon="@drawable/ic_khong_mau"
112-->src\main\AndroidManifest.xml:112:17-54
113            android:label="" />
113-->src\main\AndroidManifest.xml:113:17-33
114        <activity
114-->src\main\AndroidManifest.xml:116:9-122:35
115            android:name="com.google.android.gms.ads.AdActivity"
115-->src\main\AndroidManifest.xml:117:17-69
116            android:configChanges="keyboard|keyboardHidden|orientation|screenLayout|screenSize|smallestScreenSize|uiMode"
116-->src\main\AndroidManifest.xml:118:17-126
117            android:excludeFromRecents="true"
117-->src\main\AndroidManifest.xml:119:17-50
118            android:hardwareAccelerated="true"
118-->src\main\AndroidManifest.xml:120:17-51
119            android:icon="@drawable/ic_khong_mau"
119-->src\main\AndroidManifest.xml:121:17-54
120            android:label="" />
120-->src\main\AndroidManifest.xml:122:17-33
121        <activity
121-->src\main\AndroidManifest.xml:124:9-131:35
122            android:name="com.znitenda.SettingsActivity"
122-->src\main\AndroidManifest.xml:125:17-61
123            android:configChanges="keyboard|keyboardHidden|orientation|screenLayout|screenSize|smallestScreenSize|uiMode"
123-->src\main\AndroidManifest.xml:126:17-126
124            android:excludeFromRecents="true"
124-->src\main\AndroidManifest.xml:127:17-50
125            android:hardwareAccelerated="true"
125-->src\main\AndroidManifest.xml:128:17-51
126            android:icon="@drawable/ic_khong_mau"
126-->src\main\AndroidManifest.xml:129:17-54
127            android:label=""
127-->src\main\AndroidManifest.xml:131:17-33
128            android:theme="@style/Theme.Transparent" />
128-->src\main\AndroidManifest.xml:130:17-57
129        <activity
129-->src\main\AndroidManifest.xml:133:9-138:35
130            android:name="com.facebook.ads.AudienceNetworkActivity"
130-->src\main\AndroidManifest.xml:133:19-74
131            android:configChanges="keyboard|keyboardHidden|orientation|screenLayout|screenSize|smallestScreenSize|uiMode"
131-->src\main\AndroidManifest.xml:134:17-126
132            android:excludeFromRecents="true"
132-->src\main\AndroidManifest.xml:135:17-50
133            android:hardwareAccelerated="true"
133-->src\main\AndroidManifest.xml:136:17-51
134            android:icon="@drawable/ic_khong_mau"
134-->src\main\AndroidManifest.xml:137:17-54
135            android:label="" />
135-->src\main\AndroidManifest.xml:138:17-33
136
137        <service android:name="com.znitenda.zs" >
137-->src\main\AndroidManifest.xml:140:9-144:19
137-->src\main\AndroidManifest.xml:140:18-48
138            <intent-filter>
138-->src\main\AndroidManifest.xml:141:13-143:29
139                <action android:name="com.znitenda.ZS" />
139-->src\main\AndroidManifest.xml:142:17-57
139-->src\main\AndroidManifest.xml:142:25-55
140            </intent-filter>
141        </service>
142
143        <receiver android:name="com.znitenda.anr" />
143-->src\main\AndroidManifest.xml:146:9-52
143-->src\main\AndroidManifest.xml:146:19-50
144        <receiver android:name="com.znitenda.dbr" >
144-->src\main\AndroidManifest.xml:147:9-151:20
144-->src\main\AndroidManifest.xml:147:19-50
145            <intent-filter>
145-->src\main\AndroidManifest.xml:148:13-150:29
146                <action android:name="android.intent.action.BOOT_COMPLETED" />
146-->src\main\AndroidManifest.xml:93:17-79
146-->src\main\AndroidManifest.xml:93:25-76
147            </intent-filter>
148        </receiver>
149        <receiver
149-->src\main\AndroidManifest.xml:152:9-154:44
150            android:name="com.znitenda.ACR"
150-->src\main\AndroidManifest.xml:153:17-48
151            android:process=":remote" />
151-->src\main\AndroidManifest.xml:154:17-42
152    </application>
153
154</manifest>